INFO [2025-07-14 17:56:02] $x
INFO [2025-07-14 17:56:02] list(QEXP, NMQ, REG, EXP)
INFO [2025-07-14 17:56:02] 
INFO [2025-07-14 17:56:02] $category.names
INFO [2025-07-14 17:56:02] c("QEXP", "NMQ", "REG", "EXP")
INFO [2025-07-14 17:56:02] 
INFO [2025-07-14 17:56:02] $filename
INFO [2025-07-14 17:56:02] [1] "grafico 11.png"
INFO [2025-07-14 17:56:02] 
INFO [2025-07-14 17:56:02] $output
INFO [2025-07-14 17:56:02] [1] TRUE
INFO [2025-07-14 17:56:02] 
INFO [2025-07-14 17:56:02] $height
INFO [2025-07-14 17:56:02] [1] 1417
INFO [2025-07-14 17:56:02] 
INFO [2025-07-14 17:56:02] $width
INFO [2025-07-14 17:56:02] [1] 1890
INFO [2025-07-14 17:56:02] 
INFO [2025-07-14 17:56:02] $resolution
INFO [2025-07-14 17:56:02] [1] 300
INFO [2025-07-14 17:56:02] 
INFO [2025-07-14 17:56:02] $fill
INFO [2025-07-14 17:56:02] cores
INFO [2025-07-14 17:56:02] 
