INFO [2025-07-14 18:04:51] $x
INFO [2025-07-14 18:04:51] list(QEXP, NMQ, EXP)
INFO [2025-07-14 18:04:51] 
INFO [2025-07-14 18:04:51] $category.names
INFO [2025-07-14 18:04:51] c("QEXP", "NMQ", "EXP")
INFO [2025-07-14 18:04:51] 
INFO [2025-07-14 18:04:51] $filename
INFO [2025-07-14 18:04:51] [1] "grafico 11.png"
INFO [2025-07-14 18:04:51] 
INFO [2025-07-14 18:04:51] $output
INFO [2025-07-14 18:04:51] [1] TRUE
INFO [2025-07-14 18:04:51] 
INFO [2025-07-14 18:04:51] $height
INFO [2025-07-14 18:04:51] [1] 1417
INFO [2025-07-14 18:04:51] 
INFO [2025-07-14 18:04:51] $width
INFO [2025-07-14 18:04:51] [1] 1890
INFO [2025-07-14 18:04:51] 
INFO [2025-07-14 18:04:51] $resolution
INFO [2025-07-14 18:04:51] [1] 300
INFO [2025-07-14 18:04:51] 
INFO [2025-07-14 18:04:51] $fill
INFO [2025-07-14 18:04:51] cores
INFO [2025-07-14 18:04:51] 
