INFO [2025-07-14 18:05:49] $x
INFO [2025-07-14 18:05:49] list(QEXP, NMQ, REG, EXP)
INFO [2025-07-14 18:05:49] 
INFO [2025-07-14 18:05:49] $category.names
INFO [2025-07-14 18:05:49] c("QEXP", "NMQ", "OUTRO", "EXP")
INFO [2025-07-14 18:05:49] 
INFO [2025-07-14 18:05:49] $filename
INFO [2025-07-14 18:05:49] [1] "grafico 11.png"
INFO [2025-07-14 18:05:49] 
INFO [2025-07-14 18:05:49] $output
INFO [2025-07-14 18:05:49] [1] TRUE
INFO [2025-07-14 18:05:49] 
INFO [2025-07-14 18:05:49] $height
INFO [2025-07-14 18:05:49] [1] 1417
INFO [2025-07-14 18:05:49] 
INFO [2025-07-14 18:05:49] $width
INFO [2025-07-14 18:05:49] [1] 1890
INFO [2025-07-14 18:05:49] 
INFO [2025-07-14 18:05:49] $resolution
INFO [2025-07-14 18:05:49] [1] 300
INFO [2025-07-14 18:05:49] 
INFO [2025-07-14 18:05:49] $fill
INFO [2025-07-14 18:05:49] cores
INFO [2025-07-14 18:05:49] 
