INFO [2025-07-14 18:04:35] $x
INFO [2025-07-14 18:04:35] list(QEXP, NMQ, REG, EXP)
INFO [2025-07-14 18:04:35] 
INFO [2025-07-14 18:04:35] $category.names
INFO [2025-07-14 18:04:35] c("QEXP", "NMQ", "EXP")
INFO [2025-07-14 18:04:35] 
INFO [2025-07-14 18:04:35] $filename
INFO [2025-07-14 18:04:35] [1] "grafico 11.png"
INFO [2025-07-14 18:04:35] 
INFO [2025-07-14 18:04:35] $output
INFO [2025-07-14 18:04:35] [1] TRUE
INFO [2025-07-14 18:04:35] 
INFO [2025-07-14 18:04:35] $height
INFO [2025-07-14 18:04:35] [1] 1417
INFO [2025-07-14 18:04:35] 
INFO [2025-07-14 18:04:35] $width
INFO [2025-07-14 18:04:35] [1] 1890
INFO [2025-07-14 18:04:35] 
INFO [2025-07-14 18:04:35] $resolution
INFO [2025-07-14 18:04:35] [1] 300
INFO [2025-07-14 18:04:35] 
INFO [2025-07-14 18:04:35] $fill
INFO [2025-07-14 18:04:35] cores
INFO [2025-07-14 18:04:35] 
ERROR [2025-07-14 18:04:35] Unexpected parameter length for "category"
