INFO [2025-07-14 18:04:42] $x
INFO [2025-07-14 18:04:42] list(QEXP, NMQ, EXP)
INFO [2025-07-14 18:04:42] 
INFO [2025-07-14 18:04:42] $category.names
INFO [2025-07-14 18:04:42] c("QEXP", "NMQ", "EXP")
INFO [2025-07-14 18:04:42] 
INFO [2025-07-14 18:04:42] $filename
INFO [2025-07-14 18:04:42] [1] "grafico 11.png"
INFO [2025-07-14 18:04:42] 
INFO [2025-07-14 18:04:42] $output
INFO [2025-07-14 18:04:42] [1] TRUE
INFO [2025-07-14 18:04:42] 
INFO [2025-07-14 18:04:42] $height
INFO [2025-07-14 18:04:42] [1] 1417
INFO [2025-07-14 18:04:42] 
INFO [2025-07-14 18:04:42] $width
INFO [2025-07-14 18:04:42] [1] 1890
INFO [2025-07-14 18:04:42] 
INFO [2025-07-14 18:04:42] $resolution
INFO [2025-07-14 18:04:42] [1] 300
INFO [2025-07-14 18:04:42] 
INFO [2025-07-14 18:04:42] $fill
INFO [2025-07-14 18:04:42] cores
INFO [2025-07-14 18:04:42] 
ERROR [2025-07-14 18:04:42] Unexpected parameter length for "fill"
