INFO [2025-07-21 17:32:46] $x
INFO [2025-07-21 17:32:46] list(QEXP, NMQ, REG, EXP)
INFO [2025-07-21 17:32:46] 
INFO [2025-07-21 17:32:46] $category.names
INFO [2025-07-21 17:32:46] c("QEXP", "NMQ", "OUTRO", "EXP")
INFO [2025-07-21 17:32:46] 
INFO [2025-07-21 17:32:46] $filename
INFO [2025-07-21 17:32:46] [1] "grafico 11.png"
INFO [2025-07-21 17:32:46] 
INFO [2025-07-21 17:32:46] $output
INFO [2025-07-21 17:32:46] [1] TRUE
INFO [2025-07-21 17:32:46] 
INFO [2025-07-21 17:32:46] $height
INFO [2025-07-21 17:32:46] [1] 1417
INFO [2025-07-21 17:32:46] 
INFO [2025-07-21 17:32:46] $width
INFO [2025-07-21 17:32:46] [1] 1890
INFO [2025-07-21 17:32:46] 
INFO [2025-07-21 17:32:46] $resolution
INFO [2025-07-21 17:32:46] [1] 300
INFO [2025-07-21 17:32:46] 
INFO [2025-07-21 17:32:46] $fill
INFO [2025-07-21 17:32:46] cores
INFO [2025-07-21 17:32:46] 
